{"/home/whomi/projetos/levantamentoInventario/src/app.js": {"path":"/home/whomi/projetos/levantamentoInventario/src/app.js","statementMap":{"0":{"start":{"line":8,"column":0},"end":{"line":8,"column":73}},"1":{"start":{"line":9,"column":0},"end":{"line":11,"column":3}},"2":{"start":{"line":10,"column":2},"end":{"line":10,"column":50}},"3":{"start":{"line":14,"column":12},"end":{"line":14,"column":21}},"4":{"start":{"line":16,"column":0},"end":{"line":16,"column":16}},"5":{"start":{"line":19,"column":0},"end":{"line":19,"column":24}},"6":{"start":{"line":22,"column":0},"end":{"line":22,"column":12}}},"fnMap":{"0":{"name":"(anonymous_0)","decl":{"start":{"line":9,"column":16},"end":{"line":9,"column":17}},"loc":{"start":{"line":9,"column":22},"end":{"line":11,"column":1}},"line":9}},"branchMap":{},"s":{"0":2,"1":2,"2":0,"3":2,"4":2,"5":2,"6":2},"f":{"0":0},"b":{},"_coverageSchema":"1a1c01bbd47fc00a2c39e90264f33305004495a9","hash":"1952a931ce30c755f4cf0fb435e1dd374d024d2e"}
,"/home/whomi/projetos/levantamentoInventario/src/config/dbConect.js": {"path":"/home/whomi/projetos/levantamentoInventario/src/config/dbConect.js","statementMap":{"0":{"start":{"line":4,"column":0},"end":{"line":4,"column":16}},"1":{"start":{"line":6,"column":0},"end":{"line":13,"column":7}},"2":{"start":{"line":10,"column":8},"end":{"line":10,"column":52}},"3":{"start":{"line":12,"column":8},"end":{"line":12,"column":55}},"4":{"start":{"line":15,"column":9},"end":{"line":15,"column":28}}},"fnMap":{"0":{"name":"(anonymous_0)","decl":{"start":{"line":9,"column":12},"end":{"line":9,"column":13}},"loc":{"start":{"line":9,"column":24},"end":{"line":11,"column":5}},"line":9},"1":{"name":"(anonymous_1)","decl":{"start":{"line":11,"column":13},"end":{"line":11,"column":14}},"loc":{"start":{"line":11,"column":22},"end":{"line":13,"column":5}},"line":11}},"branchMap":{},"s":{"0":2,"1":2,"2":2,"3":0,"4":2},"f":{"0":2,"1":0},"b":{},"_coverageSchema":"1a1c01bbd47fc00a2c39e90264f33305004495a9","hash":"a9984cb3cb8d844a8662db0e31923ce43e8ef328"}
,"/home/whomi/projetos/levantamentoInventario/src/controller/inventarioController.js": {"path":"/home/whomi/projetos/levantamentoInventario/src/controller/inventarioController.js","statementMap":{"0":{"start":{"line":4,"column":33},"end":{"line":22,"column":5}},"1":{"start":{"line":5,"column":8},"end":{"line":20,"column":9}},"2":{"start":{"line":6,"column":47},"end":{"line":6,"column":55}},"3":{"start":{"line":8,"column":35},"end":{"line":12,"column":14}},"4":{"start":{"line":14,"column":36},"end":{"line":14,"column":63}},"5":{"start":{"line":15,"column":12},"end":{"line":15,"column":56}},"6":{"start":{"line":19,"column":12},"end":{"line":19,"column":99}},"7":{"start":{"line":23,"column":31},"end":{"line":57,"column":5}},"8":{"start":{"line":24,"column":8},"end":{"line":56,"column":9}},"9":{"start":{"line":25,"column":47},"end":{"line":25,"column":56}},"10":{"start":{"line":26,"column":38},"end":{"line":26,"column":47}},"11":{"start":{"line":28,"column":27},"end":{"line":31,"column":13}},"12":{"start":{"line":33,"column":12},"end":{"line":36,"column":13}},"13":{"start":{"line":34,"column":30},"end":{"line":34,"column":81}},"14":{"start":{"line":35,"column":16},"end":{"line":35,"column":51}},"15":{"start":{"line":37,"column":12},"end":{"line":40,"column":13}},"16":{"start":{"line":38,"column":30},"end":{"line":38,"column":87}},"17":{"start":{"line":39,"column":16},"end":{"line":39,"column":54}},"18":{"start":{"line":42,"column":12},"end":{"line":45,"column":13}},"19":{"start":{"line":43,"column":29},"end":{"line":43,"column":78}},"20":{"start":{"line":44,"column":16},"end":{"line":44,"column":50}},"21":{"start":{"line":46,"column":12},"end":{"line":49,"column":13}},"22":{"start":{"line":47,"column":34},"end":{"line":47,"column":97}},"23":{"start":{"line":48,"column":16},"end":{"line":48,"column":55}},"24":{"start":{"line":51,"column":31},"end":{"line":51,"column":68}},"25":{"start":{"line":52,"column":12},"end":{"line":52,"column":52}},"26":{"start":{"line":55,"column":12},"end":{"line":55,"column":99}},"27":{"start":{"line":59,"column":33},"end":{"line":73,"column":5}},"28":{"start":{"line":60,"column":8},"end":{"line":72,"column":9}},"29":{"start":{"line":61,"column":27},"end":{"line":61,"column":37}},"30":{"start":{"line":62,"column":31},"end":{"line":62,"column":60}},"31":{"start":{"line":64,"column":12},"end":{"line":66,"column":13}},"32":{"start":{"line":65,"column":16},"end":{"line":65,"column":110}},"33":{"start":{"line":68,"column":12},"end":{"line":68,"column":52}},"34":{"start":{"line":71,"column":12},"end":{"line":71,"column":105}},"35":{"start":{"line":75,"column":33},"end":{"line":97,"column":5}},"36":{"start":{"line":76,"column":8},"end":{"line":96,"column":9}},"37":{"start":{"line":78,"column":27},"end":{"line":78,"column":37}},"38":{"start":{"line":79,"column":53},"end":{"line":79,"column":61}},"39":{"start":{"line":81,"column":41},"end":{"line":85,"column":13}},"40":{"start":{"line":87,"column":12},"end":{"line":89,"column":13}},"41":{"start":{"line":88,"column":16},"end":{"line":88,"column":109}},"42":{"start":{"line":91,"column":12},"end":{"line":91,"column":61}},"43":{"start":{"line":94,"column":12},"end":{"line":94,"column":104}},"44":{"start":{"line":98,"column":40},"end":{"line":117,"column":5}},"45":{"start":{"line":99,"column":8},"end":{"line":116,"column":9}},"46":{"start":{"line":100,"column":27},"end":{"line":100,"column":37}},"47":{"start":{"line":101,"column":31},"end":{"line":101,"column":39}},"48":{"start":{"line":103,"column":41},"end":{"line":107,"column":13}},"49":{"start":{"line":109,"column":12},"end":{"line":111,"column":13}},"50":{"start":{"line":110,"column":16},"end":{"line":110,"column":110}},"51":{"start":{"line":113,"column":12},"end":{"line":113,"column":62}},"52":{"start":{"line":115,"column":12},"end":{"line":115,"column":105}},"53":{"start":{"line":118,"column":31},"end":{"line":131,"column":5}},"54":{"start":{"line":119,"column":8},"end":{"line":130,"column":9}},"55":{"start":{"line":120,"column":27},"end":{"line":120,"column":37}},"56":{"start":{"line":121,"column":39},"end":{"line":121,"column":77}},"57":{"start":{"line":123,"column":12},"end":{"line":125,"column":13}},"58":{"start":{"line":124,"column":16},"end":{"line":124,"column":109}},"59":{"start":{"line":127,"column":12},"end":{"line":127,"column":88}},"60":{"start":{"line":129,"column":12},"end":{"line":129,"column":104}}},"fnMap":{"0":{"name":"(anonymous_0)","decl":{"start":{"line":4,"column":33},"end":{"line":4,"column":34}},"loc":{"start":{"line":4,"column":53},"end":{"line":22,"column":5}},"line":4},"1":{"name":"(anonymous_1)","decl":{"start":{"line":23,"column":31},"end":{"line":23,"column":32}},"loc":{"start":{"line":23,"column":51},"end":{"line":57,"column":5}},"line":23},"2":{"name":"(anonymous_2)","decl":{"start":{"line":59,"column":33},"end":{"line":59,"column":34}},"loc":{"start":{"line":59,"column":53},"end":{"line":73,"column":5}},"line":59},"3":{"name":"(anonymous_3)","decl":{"start":{"line":75,"column":33},"end":{"line":75,"column":34}},"loc":{"start":{"line":75,"column":53},"end":{"line":97,"column":5}},"line":75},"4":{"name":"(anonymous_4)","decl":{"start":{"line":98,"column":40},"end":{"line":98,"column":41}},"loc":{"start":{"line":98,"column":60},"end":{"line":117,"column":5}},"line":98},"5":{"name":"(anonymous_5)","decl":{"start":{"line":118,"column":31},"end":{"line":118,"column":32}},"loc":{"start":{"line":118,"column":51},"end":{"line":131,"column":5}},"line":118}},"branchMap":{"0":{"loc":{"start":{"line":29,"column":22},"end":{"line":29,"column":41}},"type":"binary-expr","locations":[{"start":{"line":29,"column":22},"end":{"line":29,"column":36}},{"start":{"line":29,"column":40},"end":{"line":29,"column":41}}],"line":29},"1":{"loc":{"start":{"line":30,"column":23},"end":{"line":30,"column":76}},"type":"cond-expr","locations":[{"start":{"line":30,"column":48},"end":{"line":30,"column":50}},{"start":{"line":30,"column":53},"end":{"line":30,"column":76}}],"line":30},"2":{"loc":{"start":{"line":30,"column":53},"end":{"line":30,"column":76}},"type":"binary-expr","locations":[{"start":{"line":30,"column":53},"end":{"line":30,"column":70}},{"start":{"line":30,"column":74},"end":{"line":30,"column":76}}],"line":30},"3":{"loc":{"start":{"line":33,"column":12},"end":{"line":36,"column":13}},"type":"if","locations":[{"start":{"line":33,"column":12},"end":{"line":36,"column":13}},{"start":{},"end":{}}],"line":33},"4":{"loc":{"start":{"line":37,"column":12},"end":{"line":40,"column":13}},"type":"if","locations":[{"start":{"line":37,"column":12},"end":{"line":40,"column":13}},{"start":{},"end":{}}],"line":37},"5":{"loc":{"start":{"line":42,"column":12},"end":{"line":45,"column":13}},"type":"if","locations":[{"start":{"line":42,"column":12},"end":{"line":45,"column":13}},{"start":{},"end":{}}],"line":42},"6":{"loc":{"start":{"line":46,"column":12},"end":{"line":49,"column":13}},"type":"if","locations":[{"start":{"line":46,"column":12},"end":{"line":49,"column":13}},{"start":{},"end":{}}],"line":46},"7":{"loc":{"start":{"line":46,"column":16},"end":{"line":46,"column":29}},"type":"binary-expr","locations":[{"start":{"line":46,"column":16},"end":{"line":46,"column":21}},{"start":{"line":46,"column":25},"end":{"line":46,"column":29}}],"line":46},"8":{"loc":{"start":{"line":64,"column":12},"end":{"line":66,"column":13}},"type":"if","locations":[{"start":{"line":64,"column":12},"end":{"line":66,"column":13}},{"start":{},"end":{}}],"line":64},"9":{"loc":{"start":{"line":87,"column":12},"end":{"line":89,"column":13}},"type":"if","locations":[{"start":{"line":87,"column":12},"end":{"line":89,"column":13}},{"start":{},"end":{}}],"line":87},"10":{"loc":{"start":{"line":109,"column":12},"end":{"line":111,"column":13}},"type":"if","locations":[{"start":{"line":109,"column":12},"end":{"line":111,"column":13}},{"start":{},"end":{}}],"line":109},"11":{"loc":{"start":{"line":123,"column":12},"end":{"line":125,"column":13}},"type":"if","locations":[{"start":{"line":123,"column":12},"end":{"line":125,"column":13}},{"start":{},"end":{}}],"line":123}},"s":{"0":3,"1":1,"2":1,"3":1,"4":1,"5":1,"6":0,"7":3,"8":1,"9":1,"10":1,"11":1,"12":1,"13":0,"14":0,"15":1,"16":0,"17":0,"18":1,"19":0,"20":0,"21":1,"22":0,"23":0,"24":1,"25":1,"26":0,"27":3,"28":2,"29":2,"30":2,"31":2,"32":1,"33":1,"34":0,"35":3,"36":1,"37":1,"38":1,"39":1,"40":1,"41":0,"42":1,"43":0,"44":3,"45":1,"46":1,"47":1,"48":1,"49":1,"50":0,"51":1,"52":0,"53":3,"54":1,"55":1,"56":1,"57":1,"58":0,"59":1,"60":0},"f":{"0":1,"1":1,"2":2,"3":1,"4":1,"5":1},"b":{"0":[1,1],"1":[0,1],"2":[1,1],"3":[0,1],"4":[0,1],"5":[0,1],"6":[0,1],"7":[1,0],"8":[1,1],"9":[0,1],"10":[0,1],"11":[0,1]},"_coverageSchema":"1a1c01bbd47fc00a2c39e90264f33305004495a9","hash":"4785ecb9a8489b72c0e0652c311afeba45df42ea"}
,"/home/whomi/projetos/levantamentoInventario/src/controller/itemController.js": {"path":"/home/whomi/projetos/levantamentoInventario/src/controller/itemController.js","statementMap":{"0":{"start":{"line":6,"column":23},"end":{"line":59,"column":3}},"1":{"start":{"line":7,"column":4},"end":{"line":57,"column":5}},"2":{"start":{"line":8,"column":23},"end":{"line":8,"column":41}},"3":{"start":{"line":9,"column":19},"end":{"line":9,"column":33}},"4":{"start":{"line":10,"column":20},"end":{"line":10,"column":35}},"5":{"start":{"line":11,"column":21},"end":{"line":11,"column":37}},"6":{"start":{"line":12,"column":25},"end":{"line":12,"column":46}},"7":{"start":{"line":13,"column":20},"end":{"line":13,"column":35}},"8":{"start":{"line":14,"column":19},"end":{"line":14,"column":33}},"9":{"start":{"line":15,"column":22},"end":{"line":15,"column":39}},"10":{"start":{"line":17,"column":21},"end":{"line":20,"column":7}},"11":{"start":{"line":22,"column":6},"end":{"line":25,"column":7}},"12":{"start":{"line":23,"column":21},"end":{"line":23,"column":86}},"13":{"start":{"line":24,"column":8},"end":{"line":24,"column":42}},"14":{"start":{"line":27,"column":6},"end":{"line":30,"column":7}},"15":{"start":{"line":28,"column":21},"end":{"line":28,"column":78}},"16":{"start":{"line":29,"column":8},"end":{"line":29,"column":42}},"17":{"start":{"line":32,"column":6},"end":{"line":35,"column":7}},"18":{"start":{"line":33,"column":21},"end":{"line":33,"column":80}},"19":{"start":{"line":34,"column":8},"end":{"line":34,"column":42}},"20":{"start":{"line":37,"column":6},"end":{"line":40,"column":7}},"21":{"start":{"line":38,"column":21},"end":{"line":38,"column":82}},"22":{"start":{"line":39,"column":8},"end":{"line":39,"column":42}},"23":{"start":{"line":42,"column":6},"end":{"line":45,"column":7}},"24":{"start":{"line":43,"column":21},"end":{"line":43,"column":92}},"25":{"start":{"line":44,"column":8},"end":{"line":44,"column":42}},"26":{"start":{"line":47,"column":6},"end":{"line":50,"column":7}},"27":{"start":{"line":48,"column":21},"end":{"line":48,"column":62}},"28":{"start":{"line":49,"column":8},"end":{"line":49,"column":42}},"29":{"start":{"line":52,"column":19},"end":{"line":52,"column":49}},"30":{"start":{"line":53,"column":6},"end":{"line":53,"column":40}},"31":{"start":{"line":56,"column":6},"end":{"line":56,"column":92}}},"fnMap":{"0":{"name":"(anonymous_0)","decl":{"start":{"line":6,"column":23},"end":{"line":6,"column":24}},"loc":{"start":{"line":6,"column":42},"end":{"line":59,"column":3}},"line":6}},"branchMap":{"0":{"loc":{"start":{"line":18,"column":14},"end":{"line":18,"column":33}},"type":"binary-expr","locations":[{"start":{"line":18,"column":14},"end":{"line":18,"column":28}},{"start":{"line":18,"column":32},"end":{"line":18,"column":33}}],"line":18},"1":{"loc":{"start":{"line":19,"column":15},"end":{"line":19,"column":68}},"type":"cond-expr","locations":[{"start":{"line":19,"column":40},"end":{"line":19,"column":42}},{"start":{"line":19,"column":45},"end":{"line":19,"column":68}}],"line":19},"2":{"loc":{"start":{"line":19,"column":45},"end":{"line":19,"column":68}},"type":"binary-expr","locations":[{"start":{"line":19,"column":45},"end":{"line":19,"column":62}},{"start":{"line":19,"column":66},"end":{"line":19,"column":68}}],"line":19},"3":{"loc":{"start":{"line":22,"column":6},"end":{"line":25,"column":7}},"type":"if","locations":[{"start":{"line":22,"column":6},"end":{"line":25,"column":7}},{"start":{},"end":{}}],"line":22},"4":{"loc":{"start":{"line":27,"column":6},"end":{"line":30,"column":7}},"type":"if","locations":[{"start":{"line":27,"column":6},"end":{"line":30,"column":7}},{"start":{},"end":{}}],"line":27},"5":{"loc":{"start":{"line":32,"column":6},"end":{"line":35,"column":7}},"type":"if","locations":[{"start":{"line":32,"column":6},"end":{"line":35,"column":7}},{"start":{},"end":{}}],"line":32},"6":{"loc":{"start":{"line":37,"column":6},"end":{"line":40,"column":7}},"type":"if","locations":[{"start":{"line":37,"column":6},"end":{"line":40,"column":7}},{"start":{},"end":{}}],"line":37},"7":{"loc":{"start":{"line":42,"column":6},"end":{"line":45,"column":7}},"type":"if","locations":[{"start":{"line":42,"column":6},"end":{"line":45,"column":7}},{"start":{},"end":{}}],"line":42},"8":{"loc":{"start":{"line":47,"column":6},"end":{"line":50,"column":7}},"type":"if","locations":[{"start":{"line":47,"column":6},"end":{"line":50,"column":7}},{"start":{},"end":{}}],"line":47}},"s":{"0":3,"1":0,"2":0,"3":0,"4":0,"5":0,"6":0,"7":0,"8":0,"9":0,"10":0,"11":0,"12":0,"13":0,"14":0,"15":0,"16":0,"17":0,"18":0,"19":0,"20":0,"21":0,"22":0,"23":0,"24":0,"25":0,"26":0,"27":0,"28":0,"29":0,"30":0,"31":0},"f":{"0":0},"b":{"0":[0,0],"1":[0,0],"2":[0,0],"3":[0,0],"4":[0,0],"5":[0,0],"6":[0,0],"7":[0,0],"8":[0,0]},"_coverageSchema":"1a1c01bbd47fc00a2c39e90264f33305004495a9","hash":"ec71dffe5dac07057cba33f3f34969c92d5e7c56"}
,"/home/whomi/projetos/levantamentoInventario/src/controller/setorController.js": {"path":"/home/whomi/projetos/levantamentoInventario/src/controller/setorController.js","statementMap":{"0":{"start":{"line":6,"column":8},"end":{"line":41,"column":9}},"1":{"start":{"line":8,"column":25},"end":{"line":8,"column":39}},"2":{"start":{"line":9,"column":26},"end":{"line":9,"column":41}},"3":{"start":{"line":10,"column":26},"end":{"line":10,"column":41}},"4":{"start":{"line":11,"column":25},"end":{"line":11,"column":39}},"5":{"start":{"line":12,"column":28},"end":{"line":12,"column":45}},"6":{"start":{"line":15,"column":28},"end":{"line":18,"column":13}},"7":{"start":{"line":20,"column":12},"end":{"line":23,"column":13}},"8":{"start":{"line":21,"column":30},"end":{"line":21,"column":86}},"9":{"start":{"line":22,"column":16},"end":{"line":22,"column":51}},"10":{"start":{"line":25,"column":12},"end":{"line":28,"column":13}},"11":{"start":{"line":26,"column":30},"end":{"line":26,"column":88}},"12":{"start":{"line":27,"column":16},"end":{"line":27,"column":51}},"13":{"start":{"line":30,"column":12},"end":{"line":33,"column":13}},"14":{"start":{"line":31,"column":30},"end":{"line":31,"column":88}},"15":{"start":{"line":32,"column":16},"end":{"line":32,"column":51}},"16":{"start":{"line":36,"column":26},"end":{"line":36,"column":59}},"17":{"start":{"line":37,"column":12},"end":{"line":37,"column":47}},"18":{"start":{"line":40,"column":12},"end":{"line":40,"column":105}}},"fnMap":{"0":{"name":"(anonymous_0)","decl":{"start":{"line":5,"column":4},"end":{"line":5,"column":5}},"loc":{"start":{"line":5,"column":41},"end":{"line":42,"column":5}},"line":5}},"branchMap":{"0":{"loc":{"start":{"line":16,"column":22},"end":{"line":16,"column":41}},"type":"binary-expr","locations":[{"start":{"line":16,"column":22},"end":{"line":16,"column":36}},{"start":{"line":16,"column":40},"end":{"line":16,"column":41}}],"line":16},"1":{"loc":{"start":{"line":17,"column":23},"end":{"line":17,"column":76}},"type":"cond-expr","locations":[{"start":{"line":17,"column":48},"end":{"line":17,"column":50}},{"start":{"line":17,"column":53},"end":{"line":17,"column":76}}],"line":17},"2":{"loc":{"start":{"line":17,"column":53},"end":{"line":17,"column":76}},"type":"binary-expr","locations":[{"start":{"line":17,"column":53},"end":{"line":17,"column":70}},{"start":{"line":17,"column":74},"end":{"line":17,"column":76}}],"line":17},"3":{"loc":{"start":{"line":20,"column":12},"end":{"line":23,"column":13}},"type":"if","locations":[{"start":{"line":20,"column":12},"end":{"line":23,"column":13}},{"start":{},"end":{}}],"line":20},"4":{"loc":{"start":{"line":25,"column":12},"end":{"line":28,"column":13}},"type":"if","locations":[{"start":{"line":25,"column":12},"end":{"line":28,"column":13}},{"start":{},"end":{}}],"line":25},"5":{"loc":{"start":{"line":30,"column":12},"end":{"line":33,"column":13}},"type":"if","locations":[{"start":{"line":30,"column":12},"end":{"line":33,"column":13}},{"start":{},"end":{}}],"line":30}},"s":{"0":0,"1":0,"2":0,"3":0,"4":0,"5":0,"6":0,"7":0,"8":0,"9":0,"10":0,"11":0,"12":0,"13":0,"14":0,"15":0,"16":0,"17":0,"18":0},"f":{"0":0},"b":{"0":[0,0],"1":[0,0],"2":[0,0],"3":[0,0],"4":[0,0],"5":[0,0]},"_coverageSchema":"1a1c01bbd47fc00a2c39e90264f33305004495a9","hash":"41adbd114ca78cb9d4b3083fd9a63c79089266ef"}
,"/home/whomi/projetos/levantamentoInventario/src/controller/usuarioController.js": {"path":"/home/whomi/projetos/levantamentoInventario/src/controller/usuarioController.js","statementMap":{"0":{"start":{"line":4,"column":28},"end":{"line":28,"column":3}},"1":{"start":{"line":5,"column":4},"end":{"line":27,"column":5}},"2":{"start":{"line":6,"column":44},"end":{"line":6,"column":52}},"3":{"start":{"line":8,"column":6},"end":{"line":10,"column":7}},"4":{"start":{"line":9,"column":8},"end":{"line":9,"column":109}},"5":{"start":{"line":13,"column":26},"end":{"line":18,"column":8}},"6":{"start":{"line":21,"column":27},"end":{"line":21,"column":51}},"7":{"start":{"line":23,"column":6},"end":{"line":23,"column":48}},"8":{"start":{"line":25,"column":6},"end":{"line":25,"column":24}},"9":{"start":{"line":26,"column":6},"end":{"line":26,"column":99}},"10":{"start":{"line":30,"column":26},"end":{"line":63,"column":3}},"11":{"start":{"line":31,"column":4},"end":{"line":60,"column":5}},"12":{"start":{"line":32,"column":37},"end":{"line":32,"column":46}},"13":{"start":{"line":33,"column":32},"end":{"line":33,"column":41}},"14":{"start":{"line":34,"column":22},"end":{"line":37,"column":7}},"15":{"start":{"line":38,"column":6},"end":{"line":41,"column":7}},"16":{"start":{"line":39,"column":25},"end":{"line":39,"column":85}},"17":{"start":{"line":40,"column":8},"end":{"line":40,"column":46}},"18":{"start":{"line":42,"column":6},"end":{"line":45,"column":7}},"19":{"start":{"line":43,"column":25},"end":{"line":43,"column":87}},"20":{"start":{"line":44,"column":8},"end":{"line":44,"column":46}},"21":{"start":{"line":46,"column":6},"end":{"line":49,"column":7}},"22":{"start":{"line":47,"column":25},"end":{"line":47,"column":87}},"23":{"start":{"line":48,"column":8},"end":{"line":48,"column":46}},"24":{"start":{"line":50,"column":6},"end":{"line":53,"column":7}},"25":{"start":{"line":51,"column":25},"end":{"line":51,"column":73}},"26":{"start":{"line":52,"column":8},"end":{"line":52,"column":45}},"27":{"start":{"line":54,"column":23},"end":{"line":54,"column":58}},"28":{"start":{"line":55,"column":6},"end":{"line":55,"column":44}},"29":{"start":{"line":59,"column":6},"end":{"line":59,"column":99}},"30":{"start":{"line":65,"column":30},"end":{"line":79,"column":3}},"31":{"start":{"line":66,"column":4},"end":{"line":78,"column":5}},"32":{"start":{"line":67,"column":21},"end":{"line":67,"column":31}},"33":{"start":{"line":69,"column":22},"end":{"line":69,"column":48}},"34":{"start":{"line":71,"column":6},"end":{"line":73,"column":7}},"35":{"start":{"line":72,"column":8},"end":{"line":72,"column":99}},"36":{"start":{"line":75,"column":6},"end":{"line":75,"column":43}},"37":{"start":{"line":77,"column":6},"end":{"line":77,"column":99}},"38":{"start":{"line":81,"column":28},"end":{"line":100,"column":3}},"39":{"start":{"line":82,"column":4},"end":{"line":99,"column":5}},"40":{"start":{"line":83,"column":21},"end":{"line":83,"column":31}},"41":{"start":{"line":84,"column":37},"end":{"line":84,"column":45}},"42":{"start":{"line":86,"column":32},"end":{"line":90,"column":7}},"43":{"start":{"line":92,"column":6},"end":{"line":94,"column":7}},"44":{"start":{"line":93,"column":8},"end":{"line":93,"column":99}},"45":{"start":{"line":96,"column":6},"end":{"line":96,"column":53}},"46":{"start":{"line":98,"column":6},"end":{"line":98,"column":99}},"47":{"start":{"line":102,"column":26},"end":{"line":117,"column":3}},"48":{"start":{"line":103,"column":4},"end":{"line":116,"column":5}},"49":{"start":{"line":104,"column":21},"end":{"line":104,"column":31}},"50":{"start":{"line":106,"column":30},"end":{"line":106,"column":65}},"51":{"start":{"line":108,"column":6},"end":{"line":110,"column":7}},"52":{"start":{"line":109,"column":8},"end":{"line":109,"column":99}},"53":{"start":{"line":112,"column":6},"end":{"line":112,"column":79}},"54":{"start":{"line":115,"column":6},"end":{"line":115,"column":99}},"55":{"start":{"line":120,"column":33},"end":{"line":139,"column":3}},"56":{"start":{"line":121,"column":4},"end":{"line":138,"column":5}},"57":{"start":{"line":122,"column":21},"end":{"line":122,"column":31}},"58":{"start":{"line":123,"column":25},"end":{"line":123,"column":33}},"59":{"start":{"line":125,"column":32},"end":{"line":129,"column":7}},"60":{"start":{"line":131,"column":6},"end":{"line":133,"column":7}},"61":{"start":{"line":132,"column":8},"end":{"line":132,"column":99}},"62":{"start":{"line":135,"column":6},"end":{"line":135,"column":53}},"63":{"start":{"line":137,"column":6},"end":{"line":137,"column":99}}},"fnMap":{"0":{"name":"(anonymous_0)","decl":{"start":{"line":4,"column":28},"end":{"line":4,"column":29}},"loc":{"start":{"line":4,"column":48},"end":{"line":28,"column":3}},"line":4},"1":{"name":"(anonymous_1)","decl":{"start":{"line":30,"column":26},"end":{"line":30,"column":27}},"loc":{"start":{"line":30,"column":46},"end":{"line":63,"column":3}},"line":30},"2":{"name":"(anonymous_2)","decl":{"start":{"line":65,"column":30},"end":{"line":65,"column":31}},"loc":{"start":{"line":65,"column":50},"end":{"line":79,"column":3}},"line":65},"3":{"name":"(anonymous_3)","decl":{"start":{"line":81,"column":28},"end":{"line":81,"column":29}},"loc":{"start":{"line":81,"column":48},"end":{"line":100,"column":3}},"line":81},"4":{"name":"(anonymous_4)","decl":{"start":{"line":102,"column":26},"end":{"line":102,"column":27}},"loc":{"start":{"line":102,"column":46},"end":{"line":117,"column":3}},"line":102},"5":{"name":"(anonymous_5)","decl":{"start":{"line":120,"column":33},"end":{"line":120,"column":34}},"loc":{"start":{"line":120,"column":53},"end":{"line":139,"column":3}},"line":120}},"branchMap":{"0":{"loc":{"start":{"line":8,"column":6},"end":{"line":10,"column":7}},"type":"if","locations":[{"start":{"line":8,"column":6},"end":{"line":10,"column":7}},{"start":{},"end":{}}],"line":8},"1":{"loc":{"start":{"line":35,"column":14},"end":{"line":35,"column":33}},"type":"binary-expr","locations":[{"start":{"line":35,"column":14},"end":{"line":35,"column":28}},{"start":{"line":35,"column":32},"end":{"line":35,"column":33}}],"line":35},"2":{"loc":{"start":{"line":36,"column":15},"end":{"line":36,"column":68}},"type":"cond-expr","locations":[{"start":{"line":36,"column":40},"end":{"line":36,"column":42}},{"start":{"line":36,"column":45},"end":{"line":36,"column":68}}],"line":36},"3":{"loc":{"start":{"line":36,"column":45},"end":{"line":36,"column":68}},"type":"binary-expr","locations":[{"start":{"line":36,"column":45},"end":{"line":36,"column":62}},{"start":{"line":36,"column":66},"end":{"line":36,"column":68}}],"line":36},"4":{"loc":{"start":{"line":38,"column":6},"end":{"line":41,"column":7}},"type":"if","locations":[{"start":{"line":38,"column":6},"end":{"line":41,"column":7}},{"start":{},"end":{}}],"line":38},"5":{"loc":{"start":{"line":42,"column":6},"end":{"line":45,"column":7}},"type":"if","locations":[{"start":{"line":42,"column":6},"end":{"line":45,"column":7}},{"start":{},"end":{}}],"line":42},"6":{"loc":{"start":{"line":46,"column":6},"end":{"line":49,"column":7}},"type":"if","locations":[{"start":{"line":46,"column":6},"end":{"line":49,"column":7}},{"start":{},"end":{}}],"line":46},"7":{"loc":{"start":{"line":46,"column":10},"end":{"line":46,"column":23}},"type":"binary-expr","locations":[{"start":{"line":46,"column":10},"end":{"line":46,"column":14}},{"start":{"line":46,"column":18},"end":{"line":46,"column":23}}],"line":46},"8":{"loc":{"start":{"line":50,"column":6},"end":{"line":53,"column":7}},"type":"if","locations":[{"start":{"line":50,"column":6},"end":{"line":53,"column":7}},{"start":{},"end":{}}],"line":50},"9":{"loc":{"start":{"line":71,"column":6},"end":{"line":73,"column":7}},"type":"if","locations":[{"start":{"line":71,"column":6},"end":{"line":73,"column":7}},{"start":{},"end":{}}],"line":71},"10":{"loc":{"start":{"line":92,"column":6},"end":{"line":94,"column":7}},"type":"if","locations":[{"start":{"line":92,"column":6},"end":{"line":94,"column":7}},{"start":{},"end":{}}],"line":92},"11":{"loc":{"start":{"line":108,"column":6},"end":{"line":110,"column":7}},"type":"if","locations":[{"start":{"line":108,"column":6},"end":{"line":110,"column":7}},{"start":{},"end":{}}],"line":108},"12":{"loc":{"start":{"line":131,"column":6},"end":{"line":133,"column":7}},"type":"if","locations":[{"start":{"line":131,"column":6},"end":{"line":133,"column":7}},{"start":{},"end":{}}],"line":131}},"s":{"0":3,"1":1,"2":1,"3":1,"4":0,"5":1,"6":1,"7":1,"8":0,"9":0,"10":3,"11":1,"12":1,"13":1,"14":1,"15":1,"16":0,"17":0,"18":1,"19":0,"20":0,"21":1,"22":0,"23":0,"24":1,"25":0,"26":0,"27":1,"28":1,"29":0,"30":3,"31":2,"32":2,"33":2,"34":2,"35":1,"36":1,"37":0,"38":3,"39":1,"40":1,"41":1,"42":1,"43":1,"44":0,"45":1,"46":0,"47":3,"48":1,"49":1,"50":1,"51":1,"52":0,"53":1,"54":0,"55":3,"56":1,"57":1,"58":1,"59":1,"60":1,"61":0,"62":1,"63":0},"f":{"0":1,"1":1,"2":2,"3":1,"4":1,"5":1},"b":{"0":[0,1],"1":[1,1],"2":[0,1],"3":[1,1],"4":[0,1],"5":[0,1],"6":[0,1],"7":[1,0],"8":[0,1],"9":[1,1],"10":[0,1],"11":[0,1],"12":[0,1]},"_coverageSchema":"1a1c01bbd47fc00a2c39e90264f33305004495a9","hash":"712be269a0c34b838e1559426f54cbdaa1bb7848"}
,"/home/whomi/projetos/levantamentoInventario/src/models/inventario.js": {"path":"/home/whomi/projetos/levantamentoInventario/src/models/inventario.js","statementMap":{"0":{"start":{"line":4,"column":25},"end":{"line":10,"column":1}},"1":{"start":{"line":12,"column":0},"end":{"line":12,"column":42}},"2":{"start":{"line":14,"column":19},"end":{"line":14,"column":65}}},"fnMap":{},"branchMap":{},"s":{"0":3,"1":3,"2":3},"f":{},"b":{},"_coverageSchema":"1a1c01bbd47fc00a2c39e90264f33305004495a9","hash":"3f8a3764d8dda604ca0400f99d5c59028523b286"}
,"/home/whomi/projetos/levantamentoInventario/src/models/item.js": {"path":"/home/whomi/projetos/levantamentoInventario/src/models/item.js","statementMap":{"0":{"start":{"line":4,"column":19},"end":{"line":18,"column":1}},"1":{"start":{"line":20,"column":0},"end":{"line":20,"column":36}},"2":{"start":{"line":22,"column":13},"end":{"line":22,"column":47}}},"fnMap":{},"branchMap":{},"s":{"0":3,"1":3,"2":3},"f":{},"b":{},"_coverageSchema":"1a1c01bbd47fc00a2c39e90264f33305004495a9","hash":"31200661f2312b4e09f3318729ea8374134306da"}
,"/home/whomi/projetos/levantamentoInventario/src/models/setor.js": {"path":"/home/whomi/projetos/levantamentoInventario/src/models/setor.js","statementMap":{"0":{"start":{"line":4,"column":20},"end":{"line":11,"column":1}},"1":{"start":{"line":13,"column":0},"end":{"line":13,"column":37}},"2":{"start":{"line":15,"column":14},"end":{"line":15,"column":50}}},"fnMap":{},"branchMap":{},"s":{"0":3,"1":3,"2":3},"f":{},"b":{},"_coverageSchema":"1a1c01bbd47fc00a2c39e90264f33305004495a9","hash":"4c075b3511361166a4875460615818bd61c7c333"}
,"/home/whomi/projetos/levantamentoInventario/src/models/usuario.js": {"path":"/home/whomi/projetos/levantamentoInventario/src/models/usuario.js","statementMap":{"0":{"start":{"line":4,"column":22},"end":{"line":23,"column":2}},"1":{"start":{"line":13,"column":8},"end":{"line":13,"column":56}},"2":{"start":{"line":26,"column":0},"end":{"line":26,"column":39}},"3":{"start":{"line":29,"column":16},"end":{"line":29,"column":56}}},"fnMap":{"0":{"name":"(anonymous_0)","decl":{"start":{"line":12,"column":17},"end":{"line":12,"column":18}},"loc":{"start":{"line":12,"column":28},"end":{"line":14,"column":7}},"line":12}},"branchMap":{},"s":{"0":3,"1":1,"2":3,"3":3},"f":{"0":1},"b":{},"_coverageSchema":"1a1c01bbd47fc00a2c39e90264f33305004495a9","hash":"2e2ee2f9f4a0f9b3c895bfe91dadc8376c25aaf4"}
,"/home/whomi/projetos/levantamentoInventario/src/routes/index.js": {"path":"/home/whomi/projetos/levantamentoInventario/src/routes/index.js","statementMap":{"0":{"start":{"line":7,"column":15},"end":{"line":17,"column":1}},"1":{"start":{"line":8,"column":2},"end":{"line":10,"column":4}},"2":{"start":{"line":9,"column":4},"end":{"line":9,"column":60}},"3":{"start":{"line":11,"column":2},"end":{"line":16,"column":3}}},"fnMap":{"0":{"name":"(anonymous_0)","decl":{"start":{"line":7,"column":15},"end":{"line":7,"column":16}},"loc":{"start":{"line":7,"column":24},"end":{"line":17,"column":1}},"line":7},"1":{"name":"(anonymous_1)","decl":{"start":{"line":8,"column":21},"end":{"line":8,"column":22}},"loc":{"start":{"line":8,"column":35},"end":{"line":10,"column":3}},"line":8}},"branchMap":{},"s":{"0":2,"1":2,"2":0,"3":2},"f":{"0":2,"1":0},"b":{},"_coverageSchema":"1a1c01bbd47fc00a2c39e90264f33305004495a9","hash":"e350de68579d5b174716f388539ccdb6accf8256"}
,"/home/whomi/projetos/levantamentoInventario/src/routes/inventarioRoutes.js": {"path":"/home/whomi/projetos/levantamentoInventario/src/routes/inventarioRoutes.js","statementMap":{"0":{"start":{"line":4,"column":15},"end":{"line":4,"column":31}},"1":{"start":{"line":6,"column":0},"end":{"line":12,"column":68}}},"fnMap":{},"branchMap":{},"s":{"0":2,"1":2},"f":{},"b":{},"_coverageSchema":"1a1c01bbd47fc00a2c39e90264f33305004495a9","hash":"bd9582a4d604e90e19887cd12ccaf0aefeb73021"}
,"/home/whomi/projetos/levantamentoInventario/src/routes/itemRoutes.js": {"path":"/home/whomi/projetos/levantamentoInventario/src/routes/itemRoutes.js","statementMap":{"0":{"start":{"line":4,"column":15},"end":{"line":4,"column":31}},"1":{"start":{"line":6,"column":0},"end":{"line":7,"column":43}}},"fnMap":{},"branchMap":{},"s":{"0":2,"1":2},"f":{},"b":{},"_coverageSchema":"1a1c01bbd47fc00a2c39e90264f33305004495a9","hash":"794e789e5b0ede936cf962e1ba8eabae47d54da2"}
,"/home/whomi/projetos/levantamentoInventario/src/routes/setorRoutes.js": {"path":"/home/whomi/projetos/levantamentoInventario/src/routes/setorRoutes.js","statementMap":{"0":{"start":{"line":4,"column":15},"end":{"line":4,"column":31}},"1":{"start":{"line":6,"column":0},"end":{"line":7,"column":49}}},"fnMap":{},"branchMap":{},"s":{"0":2,"1":2},"f":{},"b":{},"_coverageSchema":"1a1c01bbd47fc00a2c39e90264f33305004495a9","hash":"70bf7902dfdeddcfc267bc6da9ea2df7dad56234"}
,"/home/whomi/projetos/levantamentoInventario/src/routes/usuariosRouter.js": {"path":"/home/whomi/projetos/levantamentoInventario/src/routes/usuariosRouter.js","statementMap":{"0":{"start":{"line":4,"column":15},"end":{"line":4,"column":31}},"1":{"start":{"line":6,"column":0},"end":{"line":12,"column":61}}},"fnMap":{},"branchMap":{},"s":{"0":2,"1":2},"f":{},"b":{},"_coverageSchema":"1a1c01bbd47fc00a2c39e90264f33305004495a9","hash":"20566c49db9df33257a9ab827ee93242bbbdee13"}
}
