TN:
SF:src/app.js
FN:9,(anonymous_0)
FNF:1
FNH:0
FNDA:0,(anonymous_0)
DA:8,2
DA:9,2
DA:10,0
DA:14,2
DA:16,2
DA:19,2
DA:22,2
LF:7
LH:6
BRF:0
BRH:0
end_of_record
TN:
SF:src/config/dbConect.js
FN:9,(anonymous_0)
FN:11,(anonymous_1)
FNF:2
FNH:1
FNDA:2,(anonymous_0)
FNDA:0,(anonymous_1)
DA:4,2
DA:6,2
DA:10,2
DA:12,0
DA:15,2
LF:5
LH:4
BRF:0
BRH:0
end_of_record
TN:
SF:src/controller/inventarioController.js
FN:4,(anonymous_0)
FN:23,(anonymous_1)
FN:59,(anonymous_2)
FN:75,(anonymous_3)
FN:98,(anonymous_4)
FN:118,(anonymous_5)
FNF:6
FNH:6
FNDA:1,(anonymous_0)
FNDA:1,(anonymous_1)
FNDA:2,(anonymous_2)
FNDA:1,(anonymous_3)
FNDA:1,(anonymous_4)
FNDA:1,(anonymous_5)
DA:4,3
DA:5,1
DA:6,1
DA:8,1
DA:14,1
DA:15,1
DA:19,0
DA:23,3
DA:24,1
DA:25,1
DA:26,1
DA:28,1
DA:33,1
DA:34,0
DA:35,0
DA:37,1
DA:38,0
DA:39,0
DA:42,1
DA:43,0
DA:44,0
DA:46,1
DA:47,0
DA:48,0
DA:51,1
DA:52,1
DA:55,0
DA:59,3
DA:60,2
DA:61,2
DA:62,2
DA:64,2
DA:65,1
DA:68,1
DA:71,0
DA:75,3
DA:76,1
DA:78,1
DA:79,1
DA:81,1
DA:87,1
DA:88,0
DA:91,1
DA:94,0
DA:98,3
DA:99,1
DA:100,1
DA:101,1
DA:103,1
DA:109,1
DA:110,0
DA:113,1
DA:115,0
DA:118,3
DA:119,1
DA:120,1
DA:121,1
DA:123,1
DA:124,0
DA:127,1
DA:129,0
LF:61
LH:44
BRDA:29,0,0,1
BRDA:29,0,1,1
BRDA:30,1,0,0
BRDA:30,1,1,1
BRDA:30,2,0,1
BRDA:30,2,1,1
BRDA:33,3,0,0
BRDA:33,3,1,1
BRDA:37,4,0,0
BRDA:37,4,1,1
BRDA:42,5,0,0
BRDA:42,5,1,1
BRDA:46,6,0,0
BRDA:46,6,1,1
BRDA:46,7,0,1
BRDA:46,7,1,0
BRDA:64,8,0,1
BRDA:64,8,1,1
BRDA:87,9,0,0
BRDA:87,9,1,1
BRDA:109,10,0,0
BRDA:109,10,1,1
BRDA:123,11,0,0
BRDA:123,11,1,1
BRF:24
BRH:15
end_of_record
TN:
SF:src/controller/itemController.js
FN:6,(anonymous_0)
FNF:1
FNH:0
FNDA:0,(anonymous_0)
DA:6,3
DA:7,0
DA:8,0
DA:9,0
DA:10,0
DA:11,0
DA:12,0
DA:13,0
DA:14,0
DA:15,0
DA:17,0
DA:22,0
DA:23,0
DA:24,0
DA:27,0
DA:28,0
DA:29,0
DA:32,0
DA:33,0
DA:34,0
DA:37,0
DA:38,0
DA:39,0
DA:42,0
DA:43,0
DA:44,0
DA:47,0
DA:48,0
DA:49,0
DA:52,0
DA:53,0
DA:56,0
LF:32
LH:1
BRDA:18,0,0,0
BRDA:18,0,1,0
BRDA:19,1,0,0
BRDA:19,1,1,0
BRDA:19,2,0,0
BRDA:19,2,1,0
BRDA:22,3,0,0
BRDA:22,3,1,0
BRDA:27,4,0,0
BRDA:27,4,1,0
BRDA:32,5,0,0
BRDA:32,5,1,0
BRDA:37,6,0,0
BRDA:37,6,1,0
BRDA:42,7,0,0
BRDA:42,7,1,0
BRDA:47,8,0,0
BRDA:47,8,1,0
BRF:18
BRH:0
end_of_record
TN:
SF:src/controller/setorController.js
FN:5,(anonymous_0)
FNF:1
FNH:0
FNDA:0,(anonymous_0)
DA:6,0
DA:8,0
DA:9,0
DA:10,0
DA:11,0
DA:12,0
DA:15,0
DA:20,0
DA:21,0
DA:22,0
DA:25,0
DA:26,0
DA:27,0
DA:30,0
DA:31,0
DA:32,0
DA:36,0
DA:37,0
DA:40,0
LF:19
LH:0
BRDA:16,0,0,0
BRDA:16,0,1,0
BRDA:17,1,0,0
BRDA:17,1,1,0
BRDA:17,2,0,0
BRDA:17,2,1,0
BRDA:20,3,0,0
BRDA:20,3,1,0
BRDA:25,4,0,0
BRDA:25,4,1,0
BRDA:30,5,0,0
BRDA:30,5,1,0
BRF:12
BRH:0
end_of_record
TN:
SF:src/controller/usuarioController.js
FN:4,(anonymous_0)
FN:30,(anonymous_1)
FN:65,(anonymous_2)
FN:81,(anonymous_3)
FN:102,(anonymous_4)
FN:120,(anonymous_5)
FNF:6
FNH:6
FNDA:1,(anonymous_0)
FNDA:1,(anonymous_1)
FNDA:2,(anonymous_2)
FNDA:1,(anonymous_3)
FNDA:1,(anonymous_4)
FNDA:1,(anonymous_5)
DA:4,3
DA:5,1
DA:6,1
DA:8,1
DA:9,0
DA:13,1
DA:21,1
DA:23,1
DA:25,0
DA:26,0
DA:30,3
DA:31,1
DA:32,1
DA:33,1
DA:34,1
DA:38,1
DA:39,0
DA:40,0
DA:42,1
DA:43,0
DA:44,0
DA:46,1
DA:47,0
DA:48,0
DA:50,1
DA:51,0
DA:52,0
DA:54,1
DA:55,1
DA:59,0
DA:65,3
DA:66,2
DA:67,2
DA:69,2
DA:71,2
DA:72,1
DA:75,1
DA:77,0
DA:81,3
DA:82,1
DA:83,1
DA:84,1
DA:86,1
DA:92,1
DA:93,0
DA:96,1
DA:98,0
DA:102,3
DA:103,1
DA:104,1
DA:106,1
DA:108,1
DA:109,0
DA:112,1
DA:115,0
DA:120,3
DA:121,1
DA:122,1
DA:123,1
DA:125,1
DA:131,1
DA:132,0
DA:135,1
DA:137,0
LF:64
LH:45
BRDA:8,0,0,0
BRDA:8,0,1,1
BRDA:35,1,0,1
BRDA:35,1,1,1
BRDA:36,2,0,0
BRDA:36,2,1,1
BRDA:36,3,0,1
BRDA:36,3,1,1
BRDA:38,4,0,0
BRDA:38,4,1,1
BRDA:42,5,0,0
BRDA:42,5,1,1
BRDA:46,6,0,0
BRDA:46,6,1,1
BRDA:46,7,0,1
BRDA:46,7,1,0
BRDA:50,8,0,0
BRDA:50,8,1,1
BRDA:71,9,0,1
BRDA:71,9,1,1
BRDA:92,10,0,0
BRDA:92,10,1,1
BRDA:108,11,0,0
BRDA:108,11,1,1
BRDA:131,12,0,0
BRDA:131,12,1,1
BRF:26
BRH:16
end_of_record
TN:
SF:src/models/inventario.js
FNF:0
FNH:0
DA:4,3
DA:12,3
DA:14,3
LF:3
LH:3
BRF:0
BRH:0
end_of_record
TN:
SF:src/models/item.js
FNF:0
FNH:0
DA:4,3
DA:20,3
DA:22,3
LF:3
LH:3
BRF:0
BRH:0
end_of_record
TN:
SF:src/models/setor.js
FNF:0
FNH:0
DA:4,3
DA:13,3
DA:15,3
LF:3
LH:3
BRF:0
BRH:0
end_of_record
TN:
SF:src/models/usuario.js
FN:12,(anonymous_0)
FNF:1
FNH:1
FNDA:1,(anonymous_0)
DA:4,3
DA:13,1
DA:26,3
DA:29,3
LF:4
LH:4
BRF:0
BRH:0
end_of_record
TN:
SF:src/routes/index.js
FN:7,(anonymous_0)
FN:8,(anonymous_1)
FNF:2
FNH:1
FNDA:2,(anonymous_0)
FNDA:0,(anonymous_1)
DA:7,2
DA:8,2
DA:9,0
DA:11,2
LF:4
LH:3
BRF:0
BRH:0
end_of_record
TN:
SF:src/routes/inventarioRoutes.js
FNF:0
FNH:0
DA:4,2
DA:6,2
LF:2
LH:2
BRF:0
BRH:0
end_of_record
TN:
SF:src/routes/itemRoutes.js
FNF:0
FNH:0
DA:4,2
DA:6,2
LF:2
LH:2
BRF:0
BRH:0
end_of_record
TN:
SF:src/routes/setorRoutes.js
FNF:0
FNH:0
DA:4,2
DA:6,2
LF:2
LH:2
BRF:0
BRH:0
end_of_record
TN:
SF:src/routes/usuariosRouter.js
FNF:0
FNH:0
DA:4,2
DA:6,2
LF:2
LH:2
BRF:0
BRH:0
end_of_record
